# JRE version: OpenJDK Runtime Environment (8.0_152-b01) (build 1.8.0_152-release-915-b01)
# Java VM: OpenJDK 64-Bit Server VM (25.152-b01 mixed mode linux-amd64 compressed oops)
Heap:
 PSYoungGen      total 301568K, used 21474K [0x00000000e0000000, 0x00000000f6200000, 0x0000000100000000)
  eden space 280064K, 0% used [0x00000000e0000000,0x00000000e0000000,0x00000000f1180000)
  from space 21504K, 99% used [0x00000000f1180000,0x00000000f2678bb0,0x00000000f2680000)
  to   space 22016K, 0% used [0x00000000f2680000,0x00000000f2680000,0x00000000f3c00000)
 ParOldGen       total 88064K, used 35852K [0x00000000a0000000, 0x00000000a5600000, 0x00000000e0000000)
  object space 88064K, 40% used [0x00000000a0000000,0x00000000a23032d0,0x00000000a5600000)
 Metaspace       used 69598K, capacity 72130K, committed 72408K, reserved 1112064K
  class space    used 9090K, capacity 9704K, committed 9728K, reserved 1048576K
GC Heap History (10 events):
Event: 179.300 GC heap after
Heap after GC invocations=13 (full 2):
 PSYoungGen      total 188416K, used 18412K [0x00000000e0000000, 0x00000000efd00000, 0x0000000100000000)
  eden space 169984K, 0% used [0x00000000e0000000,0x00000000e0000000,0x00000000ea600000)
  from space 18432K, 99% used [0x00000000ea600000,0x00000000eb7fb090,0x00000000eb800000)
  to   space 22016K, 0% used [0x00000000ee780000,0x00000000ee780000,0x00000000efd00000)
 ParOldGen       total 57856K, used 27608K [0x00000000a0000000, 0x00000000a3880000, 0x00000000e0000000)
  object space 57856K, 47% used [0x00000000a0000000,0x00000000a1af6388,0x00000000a3880000)
 Metaspace       used 57060K, capacity 58834K, committed 59028K, reserved 1099776K
  class space    used 7698K, capacity 8164K, committed 8192K, reserved 1048576K
}
Event: 179.300 GC heap before
{Heap before GC invocations=14 (full 3):
 PSYoungGen      total 188416K, used 18412K [0x00000000e0000000, 0x00000000efd00000, 0x0000000100000000)
  eden space 169984K, 0% used [0x00000000e0000000,0x00000000e0000000,0x00000000ea600000)
  from space 18432K, 99% used [0x00000000ea600000,0x00000000eb7fb090,0x00000000eb800000)
  to   space 22016K, 0% used [0x00000000ee780000,0x00000000ee780000,0x00000000efd00000)
 ParOldGen       total 57856K, used 27608K [0x00000000a0000000, 0x00000000a3880000, 0x00000000e0000000)
  object space 57856K, 47% used [0x00000000a0000000,0x00000000a1af6388,0x00000000a3880000)
 Metaspace       used 57060K, capacity 58834K, committed 59028K, reserved 1099776K
  class space    used 7698K, capacity 8164K, committed 8192K, reserved 1048576K
Event: 180.582 GC heap after
Heap after GC invocations=14 (full 3):
 PSYoungGen      total 188416K, used 0K [0x00000000e0000000, 0x00000000efd00000, 0x0000000100000000)
  eden space 169984K, 0% used [0x00000000e0000000,0x00000000e0000000,0x00000000ea600000)
  from space 18432K, 0% used [0x00000000ea600000,0x00000000ea600000,0x00000000eb800000)
  to   space 22016K, 0% used [0x00000000ee780000,0x00000000ee780000,0x00000000efd00000)
 ParOldGen       total 88064K, used 33615K [0x00000000a0000000, 0x00000000a5600000, 0x00000000e0000000)
  object space 88064K, 38% used [0x00000000a0000000,0x00000000a20d3ff0,0x00000000a5600000)
 Metaspace       used 57060K, capacity 58834K, committed 59028K, reserved 1099776K
  class space    used 7698K, capacity 8164K, committed 8192K, reserved 1048576K
}
Event: 189.798 GC heap before
{Heap before GC invocations=15 (full 3):
 PSYoungGen      total 188416K, used 169984K [0x00000000e0000000, 0x00000000efd00000, 0x0000000100000000)
  eden space 169984K, 100% used [0x00000000e0000000,0x00000000ea600000,0x00000000ea600000)
  from space 18432K, 0% used [0x00000000ea600000,0x00000000ea600000,0x00000000eb800000)
  to   space 22016K, 0% used [0x00000000ee780000,0x00000000ee780000,0x00000000efd00000)
 ParOldGen       total 88064K, used 33615K [0x00000000a0000000, 0x00000000a5600000, 0x00000000e0000000)
  object space 88064K, 38% used [0x00000000a0000000,0x00000000a20d3ff0,0x00000000a5600000)
 Metaspace       used 64124K, capacity 66222K, committed 66392K, reserved 1105920K
  class space    used 8477K, capacity 9002K, committed 9088K, reserved 1048576K
Event: 189.865 GC heap after
Heap after GC invocations=15 (full 3):
 PSYoungGen      total 237568K, used 9461K [0x00000000e0000000, 0x00000000efc80000, 0x0000000100000000)
  eden space 216064K, 0% used [0x00000000e0000000,0x00000000e0000000,0x00000000ed300000)
  from space 21504K, 43% used [0x00000000ee780000,0x00000000ef0bd438,0x00000000efc80000)
  to   space 20992K, 0% used [0x00000000ed300000,0x00000000ed300000,0x00000000ee780000)
 ParOldGen       total 88064K, used 33623K [0x00000000a0000000, 0x00000000a5600000, 0x00000000e0000000)
  object space 88064K, 38% used [0x00000000a0000000,0x00000000a20d5ff0,0x00000000a5600000)
 Metaspace       used 64124K, capacity 66222K, committed 66392K, reserved 1105920K
  class space    used 8477K, capacity 9002K, committed 9088K, reserved 1048576K
}
Event: 192.318 GC heap before
{Heap before GC invocations=16 (full 3):
 PSYoungGen      total 237568K, used 224936K [0x00000000e0000000, 0x00000000efc80000, 0x0000000100000000)
  eden space 216064K, 99% used [0x00000000e0000000,0x00000000ed26cfa0,0x00000000ed300000)
  from space 21504K, 43% used [0x00000000ee780000,0x00000000ef0bd438,0x00000000efc80000)
  to   space 20992K, 0% used [0x00000000ed300000,0x00000000ed300000,0x00000000ee780000)
 ParOldGen       total 88064K, used 33623K [0x00000000a0000000, 0x00000000a5600000, 0x00000000e0000000)
  object space 88064K, 38% used [0x00000000a0000000,0x00000000a20d5ff0,0x00000000a5600000)
 Metaspace       used 65108K, capacity 67330K, committed 67544K, reserved 1107968K
  class space    used 8628K, capacity 9170K, committed 9216K, reserved 1048576K
Event: 192.371 GC heap after
Heap after GC invocations=16 (full 3):
 PSYoungGen      total 237056K, used 15184K [0x00000000e0000000, 0x00000000f3c00000, 0x0000000100000000)
  eden space 216064K, 0% used [0x00000000e0000000,0x00000000e0000000,0x00000000ed300000)
  from space 20992K, 72% used [0x00000000ed300000,0x00000000ee1d4220,0x00000000ee780000)
  to   space 22016K, 0% used [0x00000000f2680000,0x00000000f2680000,0x00000000f3c00000)
 ParOldGen       total 88064K, used 33631K [0x00000000a0000000, 0x00000000a5600000, 0x00000000e0000000)
  object space 88064K, 38% used [0x00000000a0000000,0x00000000a20d7ff0,0x00000000a5600000)
 Metaspace       used 65108K, capacity 67330K, committed 67544K, reserved 1107968K
  class space    used 8628K, capacity 9170K, committed 9216K, reserved 1048576K
}
Event: 192.480 GC heap before
{Heap before GC invocations=17 (full 3):
 PSYoungGen      total 237056K, used 231097K [0x00000000e0000000, 0x00000000f3c00000, 0x0000000100000000)
  eden space 216064K, 99% used [0x00000000e0000000,0x00000000ed2da588,0x00000000ed300000)
  from space 20992K, 72% used [0x00000000ed300000,0x00000000ee1d4220,0x00000000ee780000)
  to   space 22016K, 0% used [0x00000000f2680000,0x00000000f2680000,0x00000000f3c00000)
 ParOldGen       total 88064K, used 33631K [0x00000000a0000000, 0x00000000a5600000, 0x00000000e0000000)
  object space 88064K, 38% used [0x00000000a0000000,0x00000000a20d7ff0,0x00000000a5600000)
 Metaspace       used 65130K, capacity 67330K, committed 67544K, reserved 1107968K
  class space    used 8628K, capacity 9170K, committed 9216K, reserved 1048576K
Event: 192.506 GC heap after
Heap after GC invocations=17 (full 3):
 PSYoungGen      total 302080K, used 11900K [0x00000000e0000000, 0x00000000f6200000, 0x0000000100000000)
  eden space 280064K, 0% used [0x00000000e0000000,0x00000000e0000000,0x00000000f1180000)
  from space 22016K, 54% used [0x00000000f2680000,0x00000000f321f0e0,0x00000000f3c00000)
  to   space 21504K, 0% used [0x00000000f1180000,0x00000000f1180000,0x00000000f2680000)
 ParOldGen       total 88064K, used 33639K [0x00000000a0000000, 0x00000000a5600000, 0x00000000e0000000)
  object space 88064K, 38% used [0x00000000a0000000,0x00000000a20d9ff0,0x00000000a5600000)
 Metaspace       used 65130K, capacity 67330K, committed 67544K, reserved 1107968K
  class space    used 8628K, capacity 9170K, committed 9216K, reserved 1048576K
}
Event: 195.969 GC heap before
{Heap before GC invocations=18 (full 3):
 PSYoungGen      total 302080K, used 291964K [0x00000000e0000000, 0x00000000f6200000, 0x0000000100000000)
  eden space 280064K, 100% used [0x00000000e0000000,0x00000000f1180000,0x00000000f1180000)
  from space 22016K, 54% used [0x00000000f2680000,0x00000000f321f0e0,0x00000000f3c00000)
  to   space 21504K, 0% used [0x00000000f1180000,0x00000000f1180000,0x00000000f2680000)
 ParOldGen       total 88064K, used 33639K [0x00000000a0000000, 0x00000000a5600000, 0x00000000e0000000)
  object space 88064K, 38% used [0x00000000a0000000,0x00000000a20d9ff0,0x00000000a5600000)
 Metaspace       used 69598K, capacity 72130K, committed 72408K, reserved 1112064K
  class space    used 9090K, capacity 9704K, committed 9728K, reserved 1048576K

